# JRE version: OpenJDK Runtime Environment (8.0_212-b04) (build 1.8.0_212-release-1586-b04)
# Java VM: OpenJDK 64-Bit Server VM (25.212-b04 mixed mode windows-amd64 compressed oops)
Heap:
 PSYoungGen      total 237568K, used 209914K [0x00000000e0000000, 0x00000000f3200000, 0x0000000100000000)
  eden space 195072K, 91% used [0x00000000e0000000,0x00000000eaeda828,0x00000000ebe80000)
  from space 42496K, 72% used [0x00000000ebe80000,0x00000000edca4108,0x00000000ee800000)
  to   space 45056K, 0% used [0x00000000f0600000,0x00000000f0600000,0x00000000f3200000)
 ParOldGen       total 142336K, used 73139K [0x00000000a0000000, 0x00000000a8b00000, 0x00000000e0000000)
  object space 142336K, 51% used [0x00000000a0000000,0x00000000a476ce28,0x00000000a8b00000)
 Metaspace       used 85570K, capacity 89638K, committed 89984K, reserved 1126400K
  class space    used 11217K, capacity 12056K, committed 12160K, reserved 1048576K
GC Heap History (10 events):
Event: 36.309 GC heap before
{Heap before GC invocations=23 (full 3):
 PSYoungGen      total 177152K, used 177125K [0x00000000e0000000, 0x00000000edb80000, 0x0000000100000000)
  eden space 161280K, 100% used [0x00000000e0000000,0x00000000e9d80000,0x00000000e9d80000)
  from space 15872K, 99% used [0x00000000e9d80000,0x00000000eacf94e0,0x00000000ead00000)
  to   space 20480K, 0% used [0x00000000ec780000,0x00000000ec780000,0x00000000edb80000)
 ParOldGen       total 79360K, used 40227K [0x00000000a0000000, 0x00000000a4d80000, 0x00000000e0000000)
  object space 79360K, 50% used [0x00000000a0000000,0x00000000a2748f28,0x00000000a4d80000)
 Metaspace       used 76681K, capacity 79634K, committed 79744K, reserved 1118208K
  class space    used 10196K, capacity 10842K, committed 10880K, reserved 1048576K
Event: 36.396 GC heap after
Heap after GC invocations=23 (full 3):
 PSYoungGen      total 192512K, used 20478K [0x00000000e0000000, 0x00000000ef700000, 0x0000000100000000)
  eden space 172032K, 0% used [0x00000000e0000000,0x00000000e0000000,0x00000000ea800000)
  from space 20480K, 99% used [0x00000000ec780000,0x00000000edb7fa50,0x00000000edb80000)
  to   space 32256K, 0% used [0x00000000ea800000,0x00000000ea800000,0x00000000ec780000)
 ParOldGen       total 79360K, used 63004K [0x00000000a0000000, 0x00000000a4d80000, 0x00000000e0000000)
  object space 79360K, 79% used [0x00000000a0000000,0x00000000a3d873a8,0x00000000a4d80000)
 Metaspace       used 76681K, capacity 79634K, committed 79744K, reserved 1118208K
  class space    used 10196K, capacity 10842K, committed 10880K, reserved 1048576K
}
Event: 39.107 GC heap before
{Heap before GC invocations=24 (full 3):
 PSYoungGen      total 192512K, used 192510K [0x00000000e0000000, 0x00000000ef700000, 0x0000000100000000)
  eden space 172032K, 100% used [0x00000000e0000000,0x00000000ea800000,0x00000000ea800000)
  from space 20480K, 99% used [0x00000000ec780000,0x00000000edb7fa50,0x00000000edb80000)
  to   space 32256K, 0% used [0x00000000ea800000,0x00000000ea800000,0x00000000ec780000)
 ParOldGen       total 79360K, used 63004K [0x00000000a0000000, 0x00000000a4d80000, 0x00000000e0000000)
  object space 79360K, 79% used [0x00000000a0000000,0x00000000a3d873a8,0x00000000a4d80000)
 Metaspace       used 79036K, capacity 82286K, committed 82432K, reserved 1120256K
  class space    used 10505K, capacity 11204K, committed 11264K, reserved 1048576K
Event: 39.171 GC heap after
Heap after GC invocations=24 (full 3):
 PSYoungGen      total 204288K, used 30721K [0x00000000e0000000, 0x00000000f0c80000, 0x0000000100000000)
  eden space 172032K, 0% used [0x00000000e0000000,0x00000000e0000000,0x00000000ea800000)
  from space 32256K, 95% used [0x00000000ea800000,0x00000000ec600748,0x00000000ec780000)
  to   space 37376K, 0% used [0x00000000ee800000,0x00000000ee800000,0x00000000f0c80000)
 ParOldGen       total 79360K, used 78144K [0x00000000a0000000, 0x00000000a4d80000, 0x00000000e0000000)
  object space 79360K, 98% used [0x00000000a0000000,0x00000000a4c50250,0x00000000a4d80000)
 Metaspace       used 79036K, capacity 82286K, committed 82432K, reserved 1120256K
  class space    used 10505K, capacity 11204K, committed 11264K, reserved 1048576K
}
Event: 39.171 GC heap before
{Heap before GC invocations=25 (full 4):
 PSYoungGen      total 204288K, used 30721K [0x00000000e0000000, 0x00000000f0c80000, 0x0000000100000000)
  eden space 172032K, 0% used [0x00000000e0000000,0x00000000e0000000,0x00000000ea800000)
  from space 32256K, 95% used [0x00000000ea800000,0x00000000ec600748,0x00000000ec780000)
  to   space 37376K, 0% used [0x00000000ee800000,0x00000000ee800000,0x00000000f0c80000)
 ParOldGen       total 79360K, used 78144K [0x00000000a0000000, 0x00000000a4d80000, 0x00000000e0000000)
  object space 79360K, 98% used [0x00000000a0000000,0x00000000a4c50250,0x00000000a4d80000)
 Metaspace       used 79036K, capacity 82286K, committed 82432K, reserved 1120256K
  class space    used 10505K, capacity 11204K, committed 11264K, reserved 1048576K
Event: 39.543 GC heap after
Heap after GC invocations=25 (full 4):
 PSYoungGen      total 204288K, used 0K [0x00000000e0000000, 0x00000000f0c80000, 0x0000000100000000)
  eden space 172032K, 0% used [0x00000000e0000000,0x00000000e0000000,0x00000000ea800000)
  from space 32256K, 0% used [0x00000000ea800000,0x00000000ea800000,0x00000000ec780000)
  to   space 37376K, 0% used [0x00000000ee800000,0x00000000ee800000,0x00000000f0c80000)
 ParOldGen       total 142336K, used 73131K [0x00000000a0000000, 0x00000000a8b00000, 0x00000000e0000000)
  object space 142336K, 51% used [0x00000000a0000000,0x00000000a476ae28,0x00000000a8b00000)
 Metaspace       used 78946K, capacity 82016K, committed 82432K, reserved 1120256K
  class space    used 10477K, capacity 11155K, committed 11264K, reserved 1048576K
}
Event: 41.900 GC heap before
{Heap before GC invocations=26 (full 4):
 PSYoungGen      total 204288K, used 172032K [0x00000000e0000000, 0x00000000f0c80000, 0x0000000100000000)
  eden space 172032K, 100% used [0x00000000e0000000,0x00000000ea800000,0x00000000ea800000)
  from space 32256K, 0% used [0x00000000ea800000,0x00000000ea800000,0x00000000ec780000)
  to   space 37376K, 0% used [0x00000000ee800000,0x00000000ee800000,0x00000000f0c80000)
 ParOldGen       total 142336K, used 73131K [0x00000000a0000000, 0x00000000a8b00000, 0x00000000e0000000)
  object space 142336K, 51% used [0x00000000a0000000,0x00000000a476ae28,0x00000000a8b00000)
 Metaspace       used 80513K, capacity 83832K, committed 83968K, reserved 1122304K
  class space    used 10702K, capacity 11425K, committed 11520K, reserved 1048576K
Event: 41.945 GC heap after
Heap after GC invocations=26 (full 4):
 PSYoungGen      total 232448K, used 33894K [0x00000000e0000000, 0x00000000f1780000, 0x0000000100000000)
  eden space 195072K, 0% used [0x00000000e0000000,0x00000000e0000000,0x00000000ebe80000)
  from space 37376K, 90% used [0x00000000ee800000,0x00000000f0919ba8,0x00000000f0c80000)
  to   space 42496K, 0% used [0x00000000ebe80000,0x00000000ebe80000,0x00000000ee800000)
 ParOldGen       total 142336K, used 73131K [0x00000000a0000000, 0x00000000a8b00000, 0x00000000e0000000)
  object space 142336K, 51% used [0x00000000a0000000,0x00000000a476ae28,0x00000000a8b00000)
 Metaspace       used 80513K, capacity 83832K, committed 83968K, reserved 1122304K
  class space    used 10702K, capacity 11425K, committed 11520K, reserved 1048576K
}
Event: 463.699 GC heap before
{Heap before GC invocations=27 (full 4):
 PSYoungGen      total 232448K, used 228966K [0x00000000e0000000, 0x00000000f1780000, 0x0000000100000000)
  eden space 195072K, 100% used [0x00000000e0000000,0x00000000ebe80000,0x00000000ebe80000)
  from space 37376K, 90% used [0x00000000ee800000,0x00000000f0919ba8,0x00000000f0c80000)
  to   space 42496K, 0% used [0x00000000ebe80000,0x00000000ebe80000,0x00000000ee800000)
 ParOldGen       total 142336K, used 73131K [0x00000000a0000000, 0x00000000a8b00000, 0x00000000e0000000)
  object space 142336K, 51% used [0x00000000a0000000,0x00000000a476ae28,0x00000000a8b00000)
 Metaspace       used 83787K, capacity 87766K, committed 87936K, reserved 1126400K
  class space    used 11061K, capacity 11898K, committed 11904K, reserved 1048576K
Event: 463.990 GC heap after
Heap after GC invocations=27 (full 4):
 PSYoungGen      total 237568K, used 30864K [0x00000000e0000000, 0x00000000f3200000, 0x0000000100000000)
  eden space 195072K, 0% used [0x00000000e0000000,0x00000000e0000000,0x00000000ebe80000)
  from space 42496K, 72% used [0x00000000ebe80000,0x00000000edca4108,0x00000000ee800000)
  to   space 45056K, 0% used [0x00000000f0600000,0x00000000f0600000,0x00000000f3200000)
 ParOldGen       total 142336K, used 73139K [0x00000000a0000000, 0x00000000a8b00000, 0x00000000e0000000)
  object space 142336K, 51% used [0x00000000a0000000,0x00000000a476ce28,0x00000000a8b00000)
 Metaspace       used 83787K, capacity 87766K, committed 87936K, reserved 1126400K
  class space    used 11061K, capacity 11898K, committed 11904K, reserved 1048576K
}

