# JRE version: OpenJDK Runtime Environment (8.0_212-b04) (build 1.8.0_212-release-1586-b04)
# Java VM: OpenJDK 64-Bit Server VM (25.212-b04 mixed mode windows-amd64 compressed oops)
Heap:
 PSYoungGen      total 178688K, used 7609K [0x00000000e0000000, 0x00000000edb80000, 0x0000000100000000)
  eden space 146944K, 5% used [0x00000000e0000000,0x00000000e076e4f0,0x00000000e8f80000)
  from space 31744K, 0% used [0x00000000eae80000,0x00000000eae80000,0x00000000ecd80000)
  to   space 31744K, 0% used [0x00000000e8f80000,0x00000000e8f80000,0x00000000eae80000)
 ParOldGen       total 158208K, used 68036K [0x00000000a0000000, 0x00000000a9a80000, 0x00000000e0000000)
  object space 158208K, 43% used [0x00000000a0000000,0x00000000a42711e0,0x00000000a9a80000)
 Metaspace       used 94516K, capacity 98246K, committed 98816K, reserved 1134592K
  class space    used 12137K, capacity 12948K, committed 13056K, reserved 1048576K
GC Heap History (10 events):
Event: 563.866 GC heap before
{Heap before GC invocations=22 (full 3):
 PSYoungGen      total 178176K, used 178161K [0x00000000e0000000, 0x00000000ecf00000, 0x0000000100000000)
  eden space 158208K, 100% used [0x00000000e0000000,0x00000000e9a80000,0x00000000e9a80000)
  from space 19968K, 99% used [0x00000000eb200000,0x00000000ec57c730,0x00000000ec580000)
  to   space 24064K, 0% used [0x00000000e9a80000,0x00000000e9a80000,0x00000000eb200000)
 ParOldGen       total 91648K, used 38069K [0x00000000a0000000, 0x00000000a5980000, 0x00000000e0000000)
  object space 91648K, 41% used [0x00000000a0000000,0x00000000a252d528,0x00000000a5980000)
 Metaspace       used 80601K, capacity 84034K, committed 84224K, reserved 1122304K
  class space    used 10429K, capacity 11188K, committed 11264K, reserved 1048576K
Event: 563.986 GC heap after
Heap after GC invocations=22 (full 3):
 PSYoungGen      total 182272K, used 24061K [0x00000000e0000000, 0x00000000eea00000, 0x0000000100000000)
  eden space 158208K, 0% used [0x00000000e0000000,0x00000000e0000000,0x00000000e9a80000)
  from space 24064K, 99% used [0x00000000e9a80000,0x00000000eb1ff748,0x00000000eb200000)
  to   space 33792K, 0% used [0x00000000ec900000,0x00000000ec900000,0x00000000eea00000)
 ParOldGen       total 91648K, used 54907K [0x00000000a0000000, 0x00000000a5980000, 0x00000000e0000000)
  object space 91648K, 59% used [0x00000000a0000000,0x00000000a359ef40,0x00000000a5980000)
 Metaspace       used 80601K, capacity 84034K, committed 84224K, reserved 1122304K
  class space    used 10429K, capacity 11188K, committed 11264K, reserved 1048576K
}
Event: 579.021 GC heap before
{Heap before GC invocations=23 (full 3):
 PSYoungGen      total 182272K, used 182269K [0x00000000e0000000, 0x00000000eea00000, 0x0000000100000000)
  eden space 158208K, 100% used [0x00000000e0000000,0x00000000e9a80000,0x00000000e9a80000)
  from space 24064K, 99% used [0x00000000e9a80000,0x00000000eb1ff748,0x00000000eb200000)
  to   space 33792K, 0% used [0x00000000ec900000,0x00000000ec900000,0x00000000eea00000)
 ParOldGen       total 91648K, used 54907K [0x00000000a0000000, 0x00000000a5980000, 0x00000000e0000000)
  object space 91648K, 59% used [0x00000000a0000000,0x00000000a359ef40,0x00000000a5980000)
 Metaspace       used 81928K, capacity 85406K, committed 85632K, reserved 1124352K
  class space    used 10546K, capacity 11320K, committed 11392K, reserved 1048576K
Event: 579.046 GC heap after
Heap after GC invocations=23 (full 3):
 PSYoungGen      total 166912K, used 3488K [0x00000000e0000000, 0x00000000ed700000, 0x0000000100000000)
  eden space 152576K, 0% used [0x00000000e0000000,0x00000000e0000000,0x00000000e9500000)
  from space 14336K, 24% used [0x00000000ec900000,0x00000000ecc682e0,0x00000000ed700000)
  to   space 33792K, 0% used [0x00000000e9500000,0x00000000e9500000,0x00000000eb600000)
 ParOldGen       total 91648K, used 66440K [0x00000000a0000000, 0x00000000a5980000, 0x00000000e0000000)
  object space 91648K, 72% used [0x00000000a0000000,0x00000000a40e2300,0x00000000a5980000)
 Metaspace       used 81928K, capacity 85406K, committed 85632K, reserved 1124352K
  class space    used 10546K, capacity 11320K, committed 11392K, reserved 1048576K
}
Event: 583.551 GC heap before
{Heap before GC invocations=24 (full 3):
 PSYoungGen      total 166912K, used 156064K [0x00000000e0000000, 0x00000000ed700000, 0x0000000100000000)
  eden space 152576K, 100% used [0x00000000e0000000,0x00000000e9500000,0x00000000e9500000)
  from space 14336K, 24% used [0x00000000ec900000,0x00000000ecc682e0,0x00000000ed700000)
  to   space 33792K, 0% used [0x00000000e9500000,0x00000000e9500000,0x00000000eb600000)
 ParOldGen       total 91648K, used 66440K [0x00000000a0000000, 0x00000000a5980000, 0x00000000e0000000)
  object space 91648K, 72% used [0x00000000a0000000,0x00000000a40e2300,0x00000000a5980000)
 Metaspace       used 88246K, capacity 91750K, committed 91904K, reserved 1128448K
  class space    used 11235K, capacity 11998K, committed 12032K, reserved 1048576K
Event: 583.576 GC heap after
Heap after GC invocations=24 (full 3):
 PSYoungGen      total 157184K, used 10168K [0x00000000e0000000, 0x00000000ecd80000, 0x0000000100000000)
  eden space 146944K, 0% used [0x00000000e0000000,0x00000000e0000000,0x00000000e8f80000)
  from space 10240K, 99% used [0x00000000e9500000,0x00000000e9eee3e0,0x00000000e9f00000)
  to   space 31744K, 0% used [0x00000000eae80000,0x00000000eae80000,0x00000000ecd80000)
 ParOldGen       total 91648K, used 66448K [0x00000000a0000000, 0x00000000a5980000, 0x00000000e0000000)
  object space 91648K, 72% used [0x00000000a0000000,0x00000000a40e4300,0x00000000a5980000)
 Metaspace       used 88246K, capacity 91750K, committed 91904K, reserved 1128448K
  class space    used 11235K, capacity 11998K, committed 12032K, reserved 1048576K
}
Event: 585.423 GC heap before
{Heap before GC invocations=25 (full 3):
 PSYoungGen      total 157184K, used 108556K [0x00000000e0000000, 0x00000000ecd80000, 0x0000000100000000)
  eden space 146944K, 66% used [0x00000000e0000000,0x00000000e6014c28,0x00000000e8f80000)
  from space 10240K, 99% used [0x00000000e9500000,0x00000000e9eee3e0,0x00000000e9f00000)
  to   space 31744K, 0% used [0x00000000eae80000,0x00000000eae80000,0x00000000ecd80000)
 ParOldGen       total 91648K, used 66448K [0x00000000a0000000, 0x00000000a5980000, 0x00000000e0000000)
  object space 91648K, 72% used [0x00000000a0000000,0x00000000a40e4300,0x00000000a5980000)
 Metaspace       used 94540K, capacity 98476K, committed 98560K, reserved 1134592K
  class space    used 12173K, capacity 13009K, committed 13056K, reserved 1048576K
Event: 585.455 GC heap after
Heap after GC invocations=25 (full 3):
 PSYoungGen      total 178688K, used 16705K [0x00000000e0000000, 0x00000000edb80000, 0x0000000100000000)
  eden space 146944K, 0% used [0x00000000e0000000,0x00000000e0000000,0x00000000e8f80000)
  from space 31744K, 52% used [0x00000000eae80000,0x00000000ebed07f8,0x00000000ecd80000)
  to   space 31744K, 0% used [0x00000000e8f80000,0x00000000e8f80000,0x00000000eae80000)
 ParOldGen       total 91648K, used 66464K [0x00000000a0000000, 0x00000000a5980000, 0x00000000e0000000)
  object space 91648K, 72% used [0x00000000a0000000,0x00000000a40e8300,0x00000000a5980000)
 Metaspace       used 94540K, capacity 98476K, committed 98560K, reserved 1134592K
  class space    used 12173K, capacity 13009K, committed 13056K, reserved 1048576K
}
Event: 585.455 GC heap before
{Heap before GC invocations=26 (full 4):
 PSYoungGen      total 178688K, used 16705K [0x00000000e0000000, 0x00000000edb80000, 0x0000000100000000)
  eden space 146944K, 0% used [0x00000000e0000000,0x00000000e0000000,0x00000000e8f80000)
  from space 31744K, 52% used [0x00000000eae80000,0x00000000ebed07f8,0x00000000ecd80000)
  to   space 31744K, 0% used [0x00000000e8f80000,0x00000000e8f80000,0x00000000eae80000)
 ParOldGen       total 91648K, used 66464K [0x00000000a0000000, 0x00000000a5980000, 0x00000000e0000000)
  object space 91648K, 72% used [0x00000000a0000000,0x00000000a40e8300,0x00000000a5980000)
 Metaspace       used 94540K, capacity 98476K, committed 98560K, reserved 1134592K
  class space    used 12173K, capacity 13009K, committed 13056K, reserved 1048576K
Event: 586.125 GC heap after
Heap after GC invocations=26 (full 4):
 PSYoungGen      total 178688K, used 0K [0x00000000e0000000, 0x00000000edb80000, 0x0000000100000000)
  eden space 146944K, 0% used [0x00000000e0000000,0x00000000e0000000,0x00000000e8f80000)
  from space 31744K, 0% used [0x00000000eae80000,0x00000000eae80000,0x00000000ecd80000)
  to   space 31744K, 0% used [0x00000000e8f80000,0x00000000e8f80000,0x00000000eae80000)
 ParOldGen       total 158208K, used 68036K [0x00000000a0000000, 0x00000000a9a80000, 0x00000000e0000000)
  object space 158208K, 43% used [0x00000000a0000000,0x00000000a42711e0,0x00000000a9a80000)
 Metaspace       used 94417K, capacity 98106K, committed 98560K, reserved 1134592K
  class space    used 12136K, capacity 12948K, committed 13056K, reserved 1048576K
}

