# JRE version: OpenJDK Runtime Environment (8.0_212-b04) (build 1.8.0_212-release-1586-b04)
# Java VM: OpenJDK 64-Bit Server VM (25.212-b04 mixed mode windows-amd64 compressed oops)
Heap:
 PSYoungGen      total 452096K, used 55315K [0x00000000e0000000, 0x00000000ffb80000, 0x0000000100000000)
  eden space 415232K, 10% used [0x00000000e0000000,0x00000000e2b2eaa8,0x00000000f9580000)
  from space 36864K, 30% used [0x00000000fb880000,0x00000000fc3561b0,0x00000000fdc80000)
  to   space 35840K, 0% used [0x00000000f9580000,0x00000000f9580000,0x00000000fb880000)
 ParOldGen       total 94208K, used 54702K [0x00000000a0000000, 0x00000000a5c00000, 0x00000000e0000000)
  object space 94208K, 58% used [0x00000000a0000000,0x00000000a356ba10,0x00000000a5c00000)
 Metaspace       used 79162K, capacity 82272K, committed 82560K, reserved 1120256K
  class space    used 10397K, capacity 11061K, committed 11136K, reserved 1048576K
GC Heap History (10 events):
Event: 48.119 GC heap before
{Heap before GC invocations=25 (full 3):
 PSYoungGen      total 288768K, used 279675K [0x00000000e0000000, 0x00000000f7400000, 0x0000000100000000)
  eden space 250368K, 100% used [0x00000000e0000000,0x00000000ef480000,0x00000000ef480000)
  from space 38400K, 76% used [0x00000000ef480000,0x00000000f111edf0,0x00000000f1a00000)
  to   space 40960K, 0% used [0x00000000f4c00000,0x00000000f4c00000,0x00000000f7400000)
 ParOldGen       total 94208K, used 33361K [0x00000000a0000000, 0x00000000a5c00000, 0x00000000e0000000)
  object space 94208K, 35% used [0x00000000a0000000,0x00000000a2094468,0x00000000a5c00000)
 Metaspace       used 79036K, capacity 82172K, committed 82304K, reserved 1120256K
  class space    used 10394K, capacity 11057K, committed 11136K, reserved 1048576K
Event: 48.229 GC heap after
Heap after GC invocations=25 (full 3):
 PSYoungGen      total 340992K, used 20948K [0x00000000e0000000, 0x00000000f7880000, 0x0000000100000000)
  eden space 300032K, 0% used [0x00000000e0000000,0x00000000e0000000,0x00000000f2500000)
  from space 40960K, 51% used [0x00000000f4c00000,0x00000000f6075398,0x00000000f7400000)
  to   space 39936K, 0% used [0x00000000f2500000,0x00000000f2500000,0x00000000f4c00000)
 ParOldGen       total 94208K, used 41086K [0x00000000a0000000, 0x00000000a5c00000, 0x00000000e0000000)
  object space 94208K, 43% used [0x00000000a0000000,0x00000000a281fa30,0x00000000a5c00000)
 Metaspace       used 79036K, capacity 82172K, committed 82304K, reserved 1120256K
  class space    used 10394K, capacity 11057K, committed 11136K, reserved 1048576K
}
Event: 49.965 GC heap before
{Heap before GC invocations=26 (full 3):
 PSYoungGen      total 340992K, used 320980K [0x00000000e0000000, 0x00000000f7880000, 0x0000000100000000)
  eden space 300032K, 100% used [0x00000000e0000000,0x00000000f2500000,0x00000000f2500000)
  from space 40960K, 51% used [0x00000000f4c00000,0x00000000f6075398,0x00000000f7400000)
  to   space 39936K, 0% used [0x00000000f2500000,0x00000000f2500000,0x00000000f4c00000)
 ParOldGen       total 94208K, used 41086K [0x00000000a0000000, 0x00000000a5c00000, 0x00000000e0000000)
  object space 94208K, 43% used [0x00000000a0000000,0x00000000a281fa30,0x00000000a5c00000)
 Metaspace       used 79120K, capacity 82244K, committed 82560K, reserved 1120256K
  class space    used 10394K, capacity 11057K, committed 11136K, reserved 1048576K
Event: 50.024 GC heap after
Heap after GC invocations=26 (full 3):
 PSYoungGen      total 339968K, used 9946K [0x00000000e0000000, 0x00000000fb000000, 0x0000000100000000)
  eden space 300032K, 0% used [0x00000000e0000000,0x00000000e0000000,0x00000000f2500000)
  from space 39936K, 24% used [0x00000000f2500000,0x00000000f2eb6930,0x00000000f4c00000)
  to   space 39424K, 0% used [0x00000000f8980000,0x00000000f8980000,0x00000000fb000000)
 ParOldGen       total 94208K, used 48527K [0x00000000a0000000, 0x00000000a5c00000, 0x00000000e0000000)
  object space 94208K, 51% used [0x00000000a0000000,0x00000000a2f63ea0,0x00000000a5c00000)
 Metaspace       used 79120K, capacity 82244K, committed 82560K, reserved 1120256K
  class space    used 10394K, capacity 11057K, committed 11136K, reserved 1048576K
}
Event: 51.733 GC heap before
{Heap before GC invocations=27 (full 3):
 PSYoungGen      total 339968K, used 309978K [0x00000000e0000000, 0x00000000fb000000, 0x0000000100000000)
  eden space 300032K, 100% used [0x00000000e0000000,0x00000000f2500000,0x00000000f2500000)
  from space 39936K, 24% used [0x00000000f2500000,0x00000000f2eb6930,0x00000000f4c00000)
  to   space 39424K, 0% used [0x00000000f8980000,0x00000000f8980000,0x00000000fb000000)
 ParOldGen       total 94208K, used 48527K [0x00000000a0000000, 0x00000000a5c00000, 0x00000000e0000000)
  object space 94208K, 51% used [0x00000000a0000000,0x00000000a2f63ea0,0x00000000a5c00000)
 Metaspace       used 79139K, capacity 82244K, committed 82560K, reserved 1120256K
  class space    used 10394K, capacity 11057K, committed 11136K, reserved 1048576K
Event: 51.797 GC heap after
Heap after GC invocations=27 (full 3):
 PSYoungGen      total 396800K, used 11775K [0x00000000e0000000, 0x00000000fab80000, 0x0000000100000000)
  eden space 361984K, 0% used [0x00000000e0000000,0x00000000e0000000,0x00000000f6180000)
  from space 34816K, 33% used [0x00000000f8980000,0x00000000f94fff08,0x00000000fab80000)
  to   space 37888K, 0% used [0x00000000f6180000,0x00000000f6180000,0x00000000f8680000)
 ParOldGen       total 94208K, used 53628K [0x00000000a0000000, 0x00000000a5c00000, 0x00000000e0000000)
  object space 94208K, 56% used [0x00000000a0000000,0x00000000a345f380,0x00000000a5c00000)
 Metaspace       used 79139K, capacity 82244K, committed 82560K, reserved 1120256K
  class space    used 10394K, capacity 11057K, committed 11136K, reserved 1048576K
}
Event: 53.412 GC heap before
{Heap before GC invocations=28 (full 3):
 PSYoungGen      total 396800K, used 373759K [0x00000000e0000000, 0x00000000fab80000, 0x0000000100000000)
  eden space 361984K, 100% used [0x00000000e0000000,0x00000000f6180000,0x00000000f6180000)
  from space 34816K, 33% used [0x00000000f8980000,0x00000000f94fff08,0x00000000fab80000)
  to   space 37888K, 0% used [0x00000000f6180000,0x00000000f6180000,0x00000000f8680000)
 ParOldGen       total 94208K, used 53630K [0x00000000a0000000, 0x00000000a5c00000, 0x00000000e0000000)
  object space 94208K, 56% used [0x00000000a0000000,0x00000000a345fb48,0x00000000a5c00000)
 Metaspace       used 79159K, capacity 82272K, committed 82560K, reserved 1120256K
  class space    used 10397K, capacity 11061K, committed 11136K, reserved 1048576K
Event: 53.446 GC heap after
Heap after GC invocations=28 (full 3):
 PSYoungGen      total 399872K, used 11167K [0x00000000e0000000, 0x00000000fdc80000, 0x0000000100000000)
  eden space 361984K, 0% used [0x00000000e0000000,0x00000000e0000000,0x00000000f6180000)
  from space 37888K, 29% used [0x00000000f6180000,0x00000000f6c67ff8,0x00000000f8680000)
  to   space 36864K, 0% used [0x00000000fb880000,0x00000000fb880000,0x00000000fdc80000)
 ParOldGen       total 94208K, used 54174K [0x00000000a0000000, 0x00000000a5c00000, 0x00000000e0000000)
  object space 94208K, 57% used [0x00000000a0000000,0x00000000a34e7b48,0x00000000a5c00000)
 Metaspace       used 79159K, capacity 82272K, committed 82560K, reserved 1120256K
  class space    used 10397K, capacity 11061K, committed 11136K, reserved 1048576K
}
Event: 53.481 GC heap before
{Heap before GC invocations=29 (full 3):
 PSYoungGen      total 399872K, used 19998K [0x00000000e0000000, 0x00000000fdc80000, 0x0000000100000000)
  eden space 361984K, 2% used [0x00000000e0000000,0x00000000e089fac0,0x00000000f6180000)
  from space 37888K, 29% used [0x00000000f6180000,0x00000000f6c67ff8,0x00000000f8680000)
  to   space 36864K, 0% used [0x00000000fb880000,0x00000000fb880000,0x00000000fdc80000)
 ParOldGen       total 94208K, used 54174K [0x00000000a0000000, 0x00000000a5c00000, 0x00000000e0000000)
  object space 94208K, 57% used [0x00000000a0000000,0x00000000a34e7b48,0x00000000a5c00000)
 Metaspace       used 79159K, capacity 82272K, committed 82560K, reserved 1120256K
  class space    used 10397K, capacity 11061K, committed 11136K, reserved 1048576K
Event: 53.515 GC heap after
Heap after GC invocations=29 (full 3):
 PSYoungGen      total 452096K, used 11096K [0x00000000e0000000, 0x00000000ffb80000, 0x0000000100000000)
  eden space 415232K, 0% used [0x00000000e0000000,0x00000000e0000000,0x00000000f9580000)
  from space 36864K, 30% used [0x00000000fb880000,0x00000000fc3561b0,0x00000000fdc80000)
  to   space 35840K, 0% used [0x00000000f9580000,0x00000000f9580000,0x00000000fb880000)
 ParOldGen       total 94208K, used 54702K [0x00000000a0000000, 0x00000000a5c00000, 0x00000000e0000000)
  object space 94208K, 58% used [0x00000000a0000000,0x00000000a356ba10,0x00000000a5c00000)
 Metaspace       used 79159K, capacity 82272K, committed 82560K, reserved 1120256K
  class space    used 10397K, capacity 11061K, committed 11136K, reserved 1048576K
}

