# JRE version: OpenJDK Runtime Environment (8.0_212-b04) (build 1.8.0_212-release-1586-b04)
# Java VM: OpenJDK 64-Bit Server VM (25.212-b04 mixed mode windows-amd64 compressed oops)
Heap:
 PSYoungGen      total 289280K, used 144710K [0x00000000e0000000, 0x00000000f6600000, 0x0000000100000000)
  eden space 231424K, 54% used [0x00000000e0000000,0x00000000e7c24aa0,0x00000000ee200000)
  from space 57856K, 30% used [0x00000000ee200000,0x00000000ef32d108,0x00000000f1a80000)
  to   space 54784K, 0% used [0x00000000f3080000,0x00000000f3080000,0x00000000f6600000)
 ParOldGen       total 100864K, used 68878K [0x00000000a0000000, 0x00000000a6280000, 0x00000000e0000000)
  object space 100864K, 68% used [0x00000000a0000000,0x00000000a4343a58,0x00000000a6280000)
 Metaspace       used 95935K, capacity 100130K, committed 100312K, reserved 1136640K
  class space    used 12330K, capacity 13203K, committed 13312K, reserved 1048576K
GC Heap History (10 events):
Event: 177.739 GC heap before
{Heap before GC invocations=30 (full 4):
 PSYoungGen      total 230400K, used 202626K [0x00000000e0000000, 0x00000000f1e00000, 0x0000000100000000)
  eden space 190976K, 100% used [0x00000000e0000000,0x00000000eba80000,0x00000000eba80000)
  from space 39424K, 29% used [0x00000000eba80000,0x00000000ec5e0b78,0x00000000ee100000)
  to   space 37376K, 0% used [0x00000000ef980000,0x00000000ef980000,0x00000000f1e00000)
 ParOldGen       total 100864K, used 69201K [0x00000000a0000000, 0x00000000a6280000, 0x00000000e0000000)
  object space 100864K, 68% used [0x00000000a0000000,0x00000000a4394568,0x00000000a6280000)
 Metaspace       used 85106K, capacity 88744K, committed 89048K, reserved 1126400K
  class space    used 11205K, capacity 11973K, committed 12032K, reserved 1048576K
Event: 177.904 GC heap after
Heap after GC invocations=30 (full 4):
 PSYoungGen      total 251904K, used 28343K [0x00000000e0000000, 0x00000000f2080000, 0x0000000100000000)
  eden space 214528K, 0% used [0x00000000e0000000,0x00000000e0000000,0x00000000ed180000)
  from space 37376K, 75% used [0x00000000ef980000,0x00000000f152de88,0x00000000f1e00000)
  to   space 40448K, 0% used [0x00000000ed180000,0x00000000ed180000,0x00000000ef900000)
 ParOldGen       total 100864K, used 69209K [0x00000000a0000000, 0x00000000a6280000, 0x00000000e0000000)
  object space 100864K, 68% used [0x00000000a0000000,0x00000000a4396568,0x00000000a6280000)
 Metaspace       used 85106K, capacity 88744K, committed 89048K, reserved 1126400K
  class space    used 11205K, capacity 11973K, committed 12032K, reserved 1048576K
}
Event: 190.023 GC heap before
{Heap before GC invocations=31 (full 4):
 PSYoungGen      total 251904K, used 242871K [0x00000000e0000000, 0x00000000f2080000, 0x0000000100000000)
  eden space 214528K, 100% used [0x00000000e0000000,0x00000000ed180000,0x00000000ed180000)
  from space 37376K, 75% used [0x00000000ef980000,0x00000000f152de88,0x00000000f1e00000)
  to   space 40448K, 0% used [0x00000000ed180000,0x00000000ed180000,0x00000000ef900000)
 ParOldGen       total 100864K, used 69209K [0x00000000a0000000, 0x00000000a6280000, 0x00000000e0000000)
  object space 100864K, 68% used [0x00000000a0000000,0x00000000a4396568,0x00000000a6280000)
 Metaspace       used 88286K, capacity 92484K, committed 92632K, reserved 1130496K
  class space    used 11522K, capacity 12430K, committed 12544K, reserved 1048576K
Event: 190.180 GC heap after
Heap after GC invocations=31 (full 4):
 PSYoungGen      total 254976K, used 40446K [0x00000000e0000000, 0x00000000f4b80000, 0x0000000100000000)
  eden space 214528K, 0% used [0x00000000e0000000,0x00000000e0000000,0x00000000ed180000)
  from space 40448K, 99% used [0x00000000ed180000,0x00000000ef8ff908,0x00000000ef900000)
  to   space 50176K, 0% used [0x00000000f1a80000,0x00000000f1a80000,0x00000000f4b80000)
 ParOldGen       total 100864K, used 76492K [0x00000000a0000000, 0x00000000a6280000, 0x00000000e0000000)
  object space 100864K, 75% used [0x00000000a0000000,0x00000000a4ab33b0,0x00000000a6280000)
 Metaspace       used 88286K, capacity 92484K, committed 92632K, reserved 1130496K
  class space    used 11522K, capacity 12430K, committed 12544K, reserved 1048576K
}
Event: 201.875 GC heap before
{Heap before GC invocations=32 (full 4):
 PSYoungGen      total 254976K, used 254974K [0x00000000e0000000, 0x00000000f4b80000, 0x0000000100000000)
  eden space 214528K, 100% used [0x00000000e0000000,0x00000000ed180000,0x00000000ed180000)
  from space 40448K, 99% used [0x00000000ed180000,0x00000000ef8ff908,0x00000000ef900000)
  to   space 50176K, 0% used [0x00000000f1a80000,0x00000000f1a80000,0x00000000f4b80000)
 ParOldGen       total 100864K, used 76492K [0x00000000a0000000, 0x00000000a6280000, 0x00000000e0000000)
  object space 100864K, 75% used [0x00000000a0000000,0x00000000a4ab33b0,0x00000000a6280000)
 Metaspace       used 94197K, capacity 98404K, committed 98648K, reserved 1134592K
  class space    used 12235K, capacity 13106K, committed 13184K, reserved 1048576K
Event: 201.991 GC heap after
Heap after GC invocations=32 (full 4):
 PSYoungGen      total 281600K, used 48436K [0x00000000e0000000, 0x00000000f5880000, 0x0000000100000000)
  eden space 231424K, 0% used [0x00000000e0000000,0x00000000e0000000,0x00000000ee200000)
  from space 50176K, 96% used [0x00000000f1a80000,0x00000000f49cd380,0x00000000f4b80000)
  to   space 57856K, 0% used [0x00000000ee200000,0x00000000ee200000,0x00000000f1a80000)
 ParOldGen       total 100864K, used 84959K [0x00000000a0000000, 0x00000000a6280000, 0x00000000e0000000)
  object space 100864K, 84% used [0x00000000a0000000,0x00000000a52f7fc0,0x00000000a6280000)
 Metaspace       used 94197K, capacity 98404K, committed 98648K, reserved 1134592K
  class space    used 12235K, capacity 13106K, committed 13184K, reserved 1048576K
}
Event: 201.993 GC heap before
{Heap before GC invocations=33 (full 5):
 PSYoungGen      total 281600K, used 48436K [0x00000000e0000000, 0x00000000f5880000, 0x0000000100000000)
  eden space 231424K, 0% used [0x00000000e0000000,0x00000000e0000000,0x00000000ee200000)
  from space 50176K, 96% used [0x00000000f1a80000,0x00000000f49cd380,0x00000000f4b80000)
  to   space 57856K, 0% used [0x00000000ee200000,0x00000000ee200000,0x00000000f1a80000)
 ParOldGen       total 100864K, used 84959K [0x00000000a0000000, 0x00000000a6280000, 0x00000000e0000000)
  object space 100864K, 84% used [0x00000000a0000000,0x00000000a52f7fc0,0x00000000a6280000)
 Metaspace       used 94197K, capacity 98404K, committed 98648K, reserved 1134592K
  class space    used 12235K, capacity 13106K, committed 13184K, reserved 1048576K
Event: 202.525 GC heap after
Heap after GC invocations=33 (full 5):
 PSYoungGen      total 281600K, used 0K [0x00000000e0000000, 0x00000000f5880000, 0x0000000100000000)
  eden space 231424K, 0% used [0x00000000e0000000,0x00000000e0000000,0x00000000ee200000)
  from space 50176K, 0% used [0x00000000f1a80000,0x00000000f1a80000,0x00000000f4b80000)
  to   space 57856K, 0% used [0x00000000ee200000,0x00000000ee200000,0x00000000f1a80000)
 ParOldGen       total 100864K, used 68870K [0x00000000a0000000, 0x00000000a6280000, 0x00000000e0000000)
  object space 100864K, 68% used [0x00000000a0000000,0x00000000a4341a58,0x00000000a6280000)
 Metaspace       used 94169K, capacity 98310K, committed 98648K, reserved 1134592K
  class space    used 12228K, capacity 13097K, committed 13184K, reserved 1048576K
}
Event: 209.111 GC heap before
{Heap before GC invocations=34 (full 5):
 PSYoungGen      total 281600K, used 231424K [0x00000000e0000000, 0x00000000f5880000, 0x0000000100000000)
  eden space 231424K, 100% used [0x00000000e0000000,0x00000000ee200000,0x00000000ee200000)
  from space 50176K, 0% used [0x00000000f1a80000,0x00000000f1a80000,0x00000000f4b80000)
  to   space 57856K, 0% used [0x00000000ee200000,0x00000000ee200000,0x00000000f1a80000)
 ParOldGen       total 100864K, used 68870K [0x00000000a0000000, 0x00000000a6280000, 0x00000000e0000000)
  object space 100864K, 68% used [0x00000000a0000000,0x00000000a4341a58,0x00000000a6280000)
 Metaspace       used 95862K, capacity 100048K, committed 100312K, reserved 1136640K
  class space    used 12328K, capacity 13200K, committed 13312K, reserved 1048576K
Event: 209.160 GC heap after
Heap after GC invocations=34 (full 5):
 PSYoungGen      total 289280K, used 17588K [0x00000000e0000000, 0x00000000f6600000, 0x0000000100000000)
  eden space 231424K, 0% used [0x00000000e0000000,0x00000000e0000000,0x00000000ee200000)
  from space 57856K, 30% used [0x00000000ee200000,0x00000000ef32d108,0x00000000f1a80000)
  to   space 54784K, 0% used [0x00000000f3080000,0x00000000f3080000,0x00000000f6600000)
 ParOldGen       total 100864K, used 68878K [0x00000000a0000000, 0x00000000a6280000, 0x00000000e0000000)
  object space 100864K, 68% used [0x00000000a0000000,0x00000000a4343a58,0x00000000a6280000)
 Metaspace       used 95862K, capacity 100048K, committed 100312K, reserved 1136640K
  class space    used 12328K, capacity 13200K, committed 13312K, reserved 1048576K
}

